<?xml version="1.0" encoding="UTF-8"?>
<!-- Generated by org.testng.reporters.JUnitXMLReporter -->
<testsuite hostname="DESKTOP-V1DBEFP" name="Default test" tests="3" failures="0" timestamp="26 Jan 2017 03:36:38 GMT" time="38.999" errors="0">
  <testcase name="scrollingToBottomofAPage" time="5.828" classname="selenium.properites.Scroolll"/>
  <testcase name="scrollingToElementofAPage" time="6.801" classname="selenium.properites.Scroolll"/>
  <testcase name="scrollingByCoordinatesofAPage" time="4.752" classname="selenium.properites.Scroolll"/>
</testsuite> <!-- Default test -->
